x:\github\arvr-projekt-modularbeit\src\ptscdriver\ptsc\x64\debug\vc143.pdb
x:\github\arvr-projekt-modularbeit\src\ptscdriver\ptsc\x64\debug\vc143.idb
x:\github\arvr-projekt-modularbeit\src\ptscdriver\ptsc\x64\debug\driverfactory.obj
x:\github\arvr-projekt-modularbeit\src\ptscdriver\ptsc\x64\debug\vrdriver.obj
x:\github\arvr-projekt-modularbeit\src\ptscdriver\ptsc\x64\debug\trackingreferencedevice.obj
x:\github\arvr-projekt-modularbeit\src\ptscdriver\ptsc\x64\debug\trackerdevice.obj
x:\github\arvr-projekt-modularbeit\src\ptscdriver\ptsc\x64\debug\hmddevice.obj
x:\github\arvr-projekt-modularbeit\src\ptscdriver\ptsc\x64\debug\controllerdevice.obj
x:\github\arvr-projekt-modularbeit\src\ptscdriver\ptsc\x64\debug\ptsc.ilk
x:\github\arvr-projekt-modularbeit\src\ptscdriver\x64\debug\ptsc.dll
x:\github\arvr-projekt-modularbeit\src\ptscdriver\x64\debug\ptsc.pdb
x:\github\arvr-projekt-modularbeit\src\ptscdriver\x64\debug\ptsc.lib
x:\github\arvr-projekt-modularbeit\src\ptscdriver\x64\debug\ptsc.exp
x:\github\arvr-projekt-modularbeit\src\ptscdriver\ptsc\x64\debug\ptsc.tlog\cl.command.1.tlog
x:\github\arvr-projekt-modularbeit\src\ptscdriver\ptsc\x64\debug\ptsc.tlog\cl.read.1.tlog
x:\github\arvr-projekt-modularbeit\src\ptscdriver\ptsc\x64\debug\ptsc.tlog\cl.write.1.tlog
x:\github\arvr-projekt-modularbeit\src\ptscdriver\ptsc\x64\debug\ptsc.tlog\link.command.1.tlog
x:\github\arvr-projekt-modularbeit\src\ptscdriver\ptsc\x64\debug\ptsc.tlog\link.read.1.tlog
x:\github\arvr-projekt-modularbeit\src\ptscdriver\ptsc\x64\debug\ptsc.tlog\link.write.1.tlog
x:\github\arvr-projekt-modularbeit\src\ptscdriver\ptsc\x64\debug\ptsc.tlog\ptsc.write.1u.tlog
