15:33:41.873 | V |             | HandleShellCompletion.OnBuildCreated (200)
15:33:42.407 | V |             | ArgumentsFromParametersFile.OnBuildCreated (150)
15:33:42.417 | V |             | Passing Solution for member Solution : Solution ...
15:33:42.431 | V |             | InjectParameterValues.OnBuildCreated (100)
15:33:42.469 | V |             | GenerateBuildServerConfigurations.OnBuildCreated (50)
15:33:42.469 | V |             | InvokeBuildServerConfigurationGeneration.OnBuildCreated (45)
15:33:42.524 | V |             | UpdateNotification.OnBuildCreated (10)
15:33:42.524 | V |             | UnsetVisualStudioEnvironmentVariables.OnBuildCreated (0)
15:33:42.524 | V |             | HandleVisualStudioDebugging.OnBuildCreated (0)
15:33:42.530 | V |             | EventInvoker.OnBuildCreated (-3.4028235E+38)
15:33:42.545 | V |             | HandleHelpRequests.OnBuildInitialized (5)
15:33:42.545 | V |             | CheckBuildProjectConfigurations.OnBuildInitialized (0)
15:33:42.974 | V |             | Telemetry.OnBuildInitialized (0)
15:33:43.840 | V |             | Sending BuildStarted telemetry event ...
15:33:43.843 | V |             |   build_components         = 
15:33:43.843 | V |             |   build_type               = Project
15:33:43.843 | V |             |   compile_time             = <null>
15:33:43.843 | V |             |   config_generators        = 
15:33:43.843 | V |             |   host                     = VisualStudio
15:33:43.843 | V |             |   num_custom_components    = 0
15:33:43.843 | V |             |   num_custom_extensions    = 0
15:33:43.843 | V |             |   num_partitioned_targets  = 0
15:33:43.843 | V |             |   num_secrets              = 0
15:33:43.843 | V |             |   num_targets              = 4
15:33:43.843 | V |             |   os_architecture          = X64
15:33:43.843 | V |             |   os_platform              = Windows
15:33:43.843 | V |             |   repo_branch              = main
15:33:43.843 | V |             |   repo_commit              = d0c83e
15:33:43.843 | V |             |   repo_provider            = <null>
15:33:43.843 | V |             |   repo_url                 = d0168d
15:33:43.843 | V |             |   target_framework         = .NETCoreApp,Version=v6.0
15:33:43.843 | V |             |   version_dotnet_sdk       = 6.0.101
15:33:43.843 | V |             |   version_nuke_common      = 6.0.1
15:33:43.843 | V |             |   version_nuke_global_tool = <null>
15:33:44.142 | V |             | InjectNonParameterValues.OnBuildInitialized (-100)
15:33:44.143 | V |             | EventInvoker.OnBuildInitialized (-3.4028235E+38)
15:33:44.150 | V |       Clean | EventInvoker.OnTargetRunning (-3.4028235E+38)
15:33:44.151 | I |       Clean | Cleaning directory F:\Github\arvr-projekt-modularbeit\artifacts...
15:33:44.158 | V |       Clean | Deleting file F:\Github\arvr-projekt-modularbeit\artifacts\D3DCompiler_47_cor3.dll...
15:33:44.159 | V |       Clean | Deleting file F:\Github\arvr-projekt-modularbeit\artifacts\OpenCvSharpExtern.dll...
15:33:44.163 | V |       Clean | Deleting file F:\Github\arvr-projekt-modularbeit\artifacts\opencv_videoio_ffmpeg453_64.dll...
15:33:44.165 | V |       Clean | Deleting file F:\Github\arvr-projekt-modularbeit\artifacts\PenImc_cor3.dll...
15:33:44.165 | V |       Clean | Deleting file F:\Github\arvr-projekt-modularbeit\artifacts\PresentationNative_cor3.dll...
15:33:44.165 | V |       Clean | Deleting file F:\Github\arvr-projekt-modularbeit\artifacts\PTSC.Communication.pdb...
15:33:44.166 | V |       Clean | Deleting file F:\Github\arvr-projekt-modularbeit\artifacts\PTSC.exe...
15:33:44.177 | V |       Clean | Deleting file F:\Github\arvr-projekt-modularbeit\artifacts\PTSC.Interfaces.pdb...
15:33:44.177 | V |       Clean | Deleting file F:\Github\arvr-projekt-modularbeit\artifacts\PTSC.Nameservice.pdb...
15:33:44.177 | V |       Clean | Deleting file F:\Github\arvr-projekt-modularbeit\artifacts\PTSC.OpenCV.pdb...
15:33:44.177 | V |       Clean | Deleting file F:\Github\arvr-projekt-modularbeit\artifacts\PTSC.pdb...
15:33:44.178 | V |       Clean | Deleting file F:\Github\arvr-projekt-modularbeit\artifacts\PTSC.Pipeline.pdb...
15:33:44.178 | V |       Clean | Deleting file F:\Github\arvr-projekt-modularbeit\artifacts\PTSC.PubSub.pdb...
15:33:44.178 | V |       Clean | Deleting file F:\Github\arvr-projekt-modularbeit\artifacts\PTSC.Ui.pdb...
15:33:44.178 | V |       Clean | Deleting file F:\Github\arvr-projekt-modularbeit\artifacts\sni.dll...
15:33:44.178 | V |       Clean | Deleting file F:\Github\arvr-projekt-modularbeit\artifacts\System.Windows.Forms.DataVisualization.pdb...
15:33:44.179 | V |       Clean | Deleting file F:\Github\arvr-projekt-modularbeit\artifacts\vcruntime140_cor3.dll...
15:33:44.179 | V |       Clean | Deleting file F:\Github\arvr-projekt-modularbeit\artifacts\wpfgfx_cor3.dll...
15:33:44.180 | V |       Clean | Deleting file F:\Github\arvr-projekt-modularbeit\artifacts\dll\x64\OpenCvSharpExtern.dll...
15:33:44.185 | V |       Clean | Deleting file F:\Github\arvr-projekt-modularbeit\artifacts\dll\x64\opencv_videoio_ffmpeg453_64.dll...
15:33:44.188 | V |       Clean | Deleting directory F:\Github\arvr-projekt-modularbeit\artifacts\dll\x64...
15:33:44.188 | V |       Clean | Deleting file F:\Github\arvr-projekt-modularbeit\artifacts\dll\x86\OpenCvSharpExtern.dll...
15:33:44.193 | V |       Clean | Deleting file F:\Github\arvr-projekt-modularbeit\artifacts\dll\x86\opencv_videoio_ffmpeg453.dll...
15:33:44.196 | V |       Clean | Deleting directory F:\Github\arvr-projekt-modularbeit\artifacts\dll\x86...
15:33:44.196 | V |       Clean | Deleting directory F:\Github\arvr-projekt-modularbeit\artifacts\dll...
15:33:44.196 | I |       Clean | Cleaning directory F:\Github\arvr-projekt-modularbeit\release...
15:33:44.197 | V |       Clean | Deleting file F:\Github\arvr-projekt-modularbeit\release\Driver\driver.vrdrivermanifest...
15:33:44.198 | V |       Clean | Deleting file F:\Github\arvr-projekt-modularbeit\release\Driver\bin\win64\.gitkeep...
15:33:44.198 | V |       Clean | Deleting file F:\Github\arvr-projekt-modularbeit\release\Driver\bin\win64\driver_ptsc.dll...
15:33:44.198 | V |       Clean | Deleting directory F:\Github\arvr-projekt-modularbeit\release\Driver\bin\win64...
15:33:44.198 | V |       Clean | Deleting directory F:\Github\arvr-projekt-modularbeit\release\Driver\bin...
15:33:44.198 | V |       Clean | Deleting file F:\Github\arvr-projekt-modularbeit\release\Driver\resources\icons\controller_not_ready_left.6e6c89c9.png...
15:33:44.199 | V |       Clean | Deleting file F:\Github\arvr-projekt-modularbeit\release\Driver\resources\icons\controller_not_ready_left.b4bfb144.png...
15:33:44.199 | V |       Clean | Deleting file F:\Github\arvr-projekt-modularbeit\release\Driver\resources\icons\controller_not_ready_left.png...
15:33:44.199 | V |       Clean | Deleting file F:\Github\arvr-projekt-modularbeit\release\Driver\resources\icons\controller_not_ready_right.6e6c89c9.png...
15:33:44.199 | V |       Clean | Deleting file F:\Github\arvr-projekt-modularbeit\release\Driver\resources\icons\controller_not_ready_right.b4bfb144.png...
15:33:44.199 | V |       Clean | Deleting file F:\Github\arvr-projekt-modularbeit\release\Driver\resources\icons\controller_not_ready_right.png...
15:33:44.199 | V |       Clean | Deleting file F:\Github\arvr-projekt-modularbeit\release\Driver\resources\icons\controller_ready_left.b4bfb144.png...
15:33:44.199 | V |       Clean | Deleting file F:\Github\arvr-projekt-modularbeit\release\Driver\resources\icons\controller_ready_left.png...
15:33:44.200 | V |       Clean | Deleting file F:\Github\arvr-projekt-modularbeit\release\Driver\resources\icons\controller_ready_right.b4bfb144.png...
15:33:44.200 | V |       Clean | Deleting file F:\Github\arvr-projekt-modularbeit\release\Driver\resources\icons\controller_ready_right.png...
15:33:44.200 | V |       Clean | Deleting file F:\Github\arvr-projekt-modularbeit\release\Driver\resources\icons\hmd_not_ready.6e6c89c9.png...
15:33:44.200 | V |       Clean | Deleting file F:\Github\arvr-projekt-modularbeit\release\Driver\resources\icons\hmd_not_ready.b4bfb144.png...
15:33:44.200 | V |       Clean | Deleting file F:\Github\arvr-projekt-modularbeit\release\Driver\resources\icons\hmd_not_ready.png...
15:33:44.200 | V |       Clean | Deleting file F:\Github\arvr-projekt-modularbeit\release\Driver\resources\icons\hmd_ready.b4bfb144.png...
15:33:44.200 | V |       Clean | Deleting file F:\Github\arvr-projekt-modularbeit\release\Driver\resources\icons\hmd_ready.png...
15:33:44.201 | V |       Clean | Deleting file F:\Github\arvr-projekt-modularbeit\release\Driver\resources\icons\ptsc_controller_left.svg...
15:33:44.201 | V |       Clean | Deleting file F:\Github\arvr-projekt-modularbeit\release\Driver\resources\icons\ptsc_controller_right.svg...
15:33:44.201 | V |       Clean | Deleting file F:\Github\arvr-projekt-modularbeit\release\Driver\resources\icons\tracker_not_ready.6e6c89c9.png...
15:33:44.201 | V |       Clean | Deleting file F:\Github\arvr-projekt-modularbeit\release\Driver\resources\icons\tracker_not_ready.b4bfb144.png...
15:33:44.201 | V |       Clean | Deleting file F:\Github\arvr-projekt-modularbeit\release\Driver\resources\icons\tracker_not_ready.png...
15:33:44.201 | V |       Clean | Deleting file F:\Github\arvr-projekt-modularbeit\release\Driver\resources\icons\tracker_ready.b4bfb144.png...
15:33:44.202 | V |       Clean | Deleting file F:\Github\arvr-projekt-modularbeit\release\Driver\resources\icons\tracker_ready.png...
15:33:44.202 | V |       Clean | Deleting file F:\Github\arvr-projekt-modularbeit\release\Driver\resources\icons\trackingreference_not_ready.6e6c89c9.png...
15:33:44.202 | V |       Clean | Deleting file F:\Github\arvr-projekt-modularbeit\release\Driver\resources\icons\trackingreference_not_ready.b4bfb144.png...
15:33:44.202 | V |       Clean | Deleting file F:\Github\arvr-projekt-modularbeit\release\Driver\resources\icons\trackingreference_not_ready.png...
15:33:44.202 | V |       Clean | Deleting file F:\Github\arvr-projekt-modularbeit\release\Driver\resources\icons\trackingreference_ready.b4bfb144.png...
15:33:44.202 | V |       Clean | Deleting file F:\Github\arvr-projekt-modularbeit\release\Driver\resources\icons\trackingreference_ready.png...
15:33:44.202 | V |       Clean | Deleting directory F:\Github\arvr-projekt-modularbeit\release\Driver\resources\icons...
15:33:44.203 | V |       Clean | Deleting file F:\Github\arvr-projekt-modularbeit\release\Driver\resources\input\ptsc_controller_bindings.json...
15:33:44.203 | V |       Clean | Deleting file F:\Github\arvr-projekt-modularbeit\release\Driver\resources\input\ptsc_tracker_bindings.json...
15:33:44.203 | V |       Clean | Deleting directory F:\Github\arvr-projekt-modularbeit\release\Driver\resources\input...
15:33:44.203 | V |       Clean | Deleting file F:\Github\arvr-projekt-modularbeit\release\Driver\resources\localization\localization.json...
15:33:44.203 | V |       Clean | Deleting directory F:\Github\arvr-projekt-modularbeit\release\Driver\resources\localization...
15:33:44.204 | V |       Clean | Deleting file F:\Github\arvr-projekt-modularbeit\release\Driver\resources\rendermodels\ptsc_controller\ptsc_controller.fbx...
15:33:44.204 | V |       Clean | Deleting file F:\Github\arvr-projekt-modularbeit\release\Driver\resources\rendermodels\ptsc_controller\ptsc_controller.mtl...
15:33:44.204 | V |       Clean | Deleting file F:\Github\arvr-projekt-modularbeit\release\Driver\resources\rendermodels\ptsc_controller\ptsc_controller.obj...
15:33:44.204 | V |       Clean | Deleting file F:\Github\arvr-projekt-modularbeit\release\Driver\resources\rendermodels\ptsc_controller\ptsc_controller.png...
15:33:44.205 | V |       Clean | Deleting directory F:\Github\arvr-projekt-modularbeit\release\Driver\resources\rendermodels\ptsc_controller...
15:33:44.205 | V |       Clean | Deleting directory F:\Github\arvr-projekt-modularbeit\release\Driver\resources\rendermodels...
15:33:44.205 | V |       Clean | Deleting directory F:\Github\arvr-projekt-modularbeit\release\Driver\resources...
15:33:44.205 | V |       Clean | Deleting directory F:\Github\arvr-projekt-modularbeit\release\Driver...
15:33:44.206 | V |       Clean | Telemetry.OnTargetSucceeded (0)
15:33:44.206 | V |       Clean | EventInvoker.OnTargetSucceeded (-3.4028235E+38)
15:33:44.208 | V |     Restore | EventInvoker.OnTargetRunning (-3.4028235E+38)
15:33:44.310 | I |     Restore | > "C:\Program Files\dotnet\dotnet.exe" restore F:\Github\arvr-projekt-modularbeit\src\Desktop\DesktopApplication.sln
15:33:44.825 | D |     Restore |   Determining projects to restore...
15:33:45.287 | D |     Restore |   Restored F:\Github\arvr-projekt-modularbeit\src\Desktop\src\PTSC\PTSC.csproj (in 244 ms).
15:33:45.289 | D |     Restore |   Restored F:\Github\arvr-projekt-modularbeit\src\Desktop\src\PTSC.Interfaces\PTSC.Interfaces.csproj (in 236 ms).
15:33:45.290 | D |     Restore |   Restored F:\Github\arvr-projekt-modularbeit\src\Desktop\src\PTSC.PubSub\PTSC.PubSub.csproj (in 236 ms).
15:33:45.291 | D |     Restore |   Restored F:\Github\arvr-projekt-modularbeit\src\Desktop\src\System.Windows.Forms.DataVisualization\ChartWin.csproj (in 236 ms).
15:33:45.292 | D |     Restore |   Restored F:\Github\arvr-projekt-modularbeit\src\Desktop\src\PTSC.Communication\PTSC.Communication.csproj (in 236 ms).
15:33:45.292 | D |     Restore |   Restored F:\Github\arvr-projekt-modularbeit\src\Desktop\src\PTSC.Ui\PTSC.Ui.csproj (in 236 ms).
15:33:45.293 | D |     Restore |   Restored F:\Github\arvr-projekt-modularbeit\src\Desktop\src\PTSC.Pipeline\PTSC.Pipeline.csproj (in 236 ms).
15:33:45.297 | D |     Restore |   Restored F:\Github\arvr-projekt-modularbeit\src\Desktop\test\_PTSC.Tests\_PTSC.Tests.csproj (in 257 ms).
15:33:45.298 | D |     Restore |   2 of 10 projects are up-to-date for restore.
15:33:45.332 | V |     Restore | Telemetry.OnTargetSucceeded (0)
15:33:45.472 | V |     Restore | Sending TargetSucceeded telemetry event ...
15:33:45.473 | V |     Restore |   build_components         = 
15:33:45.473 | V |     Restore |   build_type               = Project
15:33:45.473 | V |     Restore |   compile_time             = <null>
15:33:45.473 | V |     Restore |   config_generators        = 
15:33:45.473 | V |     Restore |   host                     = VisualStudio
15:33:45.473 | V |     Restore |   num_custom_components    = 0
15:33:45.473 | V |     Restore |   num_custom_extensions    = 0
15:33:45.473 | V |     Restore |   num_partitioned_targets  = 0
15:33:45.473 | V |     Restore |   num_secrets              = 0
15:33:45.473 | V |     Restore |   num_targets              = 4
15:33:45.473 | V |     Restore |   os_architecture          = X64
15:33:45.473 | V |     Restore |   os_platform              = Windows
15:33:45.473 | V |     Restore |   repo_branch              = main
15:33:45.473 | V |     Restore |   repo_commit              = d0c83e
15:33:45.473 | V |     Restore |   repo_provider            = <null>
15:33:45.473 | V |     Restore |   repo_url                 = d0168d
15:33:45.473 | V |     Restore |   target_current_partition = 1
15:33:45.473 | V |     Restore |   target_duration          = 1
15:33:45.473 | V |     Restore |   target_framework         = .NETCoreApp,Version=v6.0
15:33:45.473 | V |     Restore |   target_name              = Restore
15:33:45.473 | V |     Restore |   target_total_partitions  = 1
15:33:45.473 | V |     Restore |   version_dotnet_sdk       = 6.0.101
15:33:45.473 | V |     Restore |   version_nuke_common      = 6.0.1
15:33:45.473 | V |     Restore |   version_nuke_global_tool = <null>
15:33:45.532 | V |     Restore | EventInvoker.OnTargetSucceeded (-3.4028235E+38)
15:33:45.534 | V |     Compile | EventInvoker.OnTargetRunning (-3.4028235E+38)
15:33:45.599 | I |     Compile | > "C:\Program Files\dotnet\dotnet.exe" publish F:\Github\arvr-projekt-modularbeit\src\Desktop\src\PTSC\PTSC.csproj --configuration "Release"  -r win-x64 -p:PublishSingleFile=true  -p:PublishReadyToRun=true -o F:\Github\arvr-projekt-modularbeit\artifacts --self-contained true
15:33:45.708 | D |     Compile | Microsoft (R) Build Engine version 17.0.0+c9eb9dd64 for .NET
15:33:45.709 | D |     Compile | Copyright (C) Microsoft Corporation. All rights reserved.
15:33:45.710 | D |     Compile | 
15:33:46.033 | D |     Compile |   Determining projects to restore...
15:33:46.568 | D |     Compile |   Restored F:\Github\arvr-projekt-modularbeit\src\Desktop\src\PTSC.Nameservice\PTSC.Nameservice.csproj (in 148 ms).
15:33:46.629 | D |     Compile |   Restored F:\Github\arvr-projekt-modularbeit\src\Desktop\src\PTSC.Interfaces\PTSC.Interfaces.csproj (in 252 ms).
15:33:46.638 | D |     Compile |   Restored F:\Github\arvr-projekt-modularbeit\src\Desktop\src\PTSC.OpenCV\PTSC.OpenCV.csproj (in 264 ms).
15:33:46.639 | D |     Compile |   Restored F:\Github\arvr-projekt-modularbeit\src\Desktop\src\PTSC.PubSub\PTSC.PubSub.csproj (in 264 ms).
15:33:46.656 | D |     Compile |   Restored F:\Github\arvr-projekt-modularbeit\src\Desktop\src\System.Windows.Forms.DataVisualization\ChartWin.csproj (in 284 ms).
15:33:46.661 | D |     Compile |   Restored F:\Github\arvr-projekt-modularbeit\src\Desktop\src\PTSC.Ui\PTSC.Ui.csproj (in 290 ms).
15:33:46.662 | D |     Compile |   Restored F:\Github\arvr-projekt-modularbeit\src\Desktop\src\PTSC.Communication\PTSC.Communication.csproj (in 290 ms).
15:33:46.663 | D |     Compile |   Restored F:\Github\arvr-projekt-modularbeit\src\Desktop\src\PTSC.Pipeline\PTSC.Pipeline.csproj (in 290 ms).
15:33:46.664 | D |     Compile |   Restored F:\Github\arvr-projekt-modularbeit\src\Desktop\src\PTSC\PTSC.csproj (in 286 ms).
15:33:46.912 | D |     Compile |   PTSC.Nameservice -> F:\Github\arvr-projekt-modularbeit\src\Desktop\src\PTSC.Nameservice\bin\Release\net6.0\PTSC.Nameservice.dll
15:33:47.045 | D |     Compile |   PTSC.Interfaces -> F:\Github\arvr-projekt-modularbeit\src\Desktop\src\PTSC.Interfaces\bin\Release\net6.0-windows\PTSC.Interfaces.dll
15:33:47.095 | D |     Compile |   PTSC.OpenCV -> F:\Github\arvr-projekt-modularbeit\src\Desktop\src\PTSC.OpenCV\bin\Release\net6.0\PTSC.OpenCV.dll
15:33:47.227 | D |     Compile |   PTSC.PubSub -> F:\Github\arvr-projekt-modularbeit\src\Desktop\src\PTSC.PubSub\bin\Release\net6.0-windows\PTSC.PubSub.dll
15:33:48.565 | W |     Compile | F:\Github\arvr-projekt-modularbeit\src\Desktop\src\System.Windows.Forms.DataVisualization\Utilities\ImageLoader.cs(233,46): warning SYSLIB0014: 'WebRequest.Create(Uri)' is obsolete: 'WebRequest, HttpWebRequest, ServicePoint, and WebClient are obsolete. Use HttpClient instead.' [F:\Github\arvr-projekt-modularbeit\src\Desktop\src\System.Windows.Forms.DataVisualization\ChartWin.csproj]
15:33:48.695 | D |     Compile |   ChartWin -> F:\Github\arvr-projekt-modularbeit\src\Desktop\src\System.Windows.Forms.DataVisualization\bin\Release\net6.0-windows\System.Windows.Forms.DataVisualization.dll
15:33:48.941 | D |     Compile |   PTSC.Communication -> F:\Github\arvr-projekt-modularbeit\src\Desktop\src\PTSC.Communication\bin\Release\net6.0-windows\PTSC.Communication.dll
15:33:49.139 | D |     Compile |   PTSC.Pipeline -> F:\Github\arvr-projekt-modularbeit\src\Desktop\src\PTSC.Pipeline\bin\Release\net6.0-windows\PTSC.Pipeline.dll
15:33:49.392 | D |     Compile |   PTSC.Ui -> F:\Github\arvr-projekt-modularbeit\src\Desktop\src\PTSC.Ui\bin\Release\net6.0-windows\PTSC.Ui.dll
15:33:49.768 | D |     Compile |   PTSC -> F:\Github\arvr-projekt-modularbeit\src\Desktop\bin\Release\net6.0-windows\win-x64\PTSC.dll
15:33:54.647 | D |     Compile |   PTSC -> F:\Github\arvr-projekt-modularbeit\artifacts\
15:33:54.676 | V |     Compile | Telemetry.OnTargetSucceeded (0)
15:33:54.812 | V |     Compile | Sending TargetSucceeded telemetry event ...
15:33:54.812 | V |     Compile |   build_components         = 
15:33:54.812 | V |     Compile |   build_type               = Project
15:33:54.812 | V |     Compile |   compile_time             = <null>
15:33:54.812 | V |     Compile |   config_generators        = 
15:33:54.812 | V |     Compile |   host                     = VisualStudio
15:33:54.812 | V |     Compile |   num_custom_components    = 0
15:33:54.812 | V |     Compile |   num_custom_extensions    = 0
15:33:54.812 | V |     Compile |   num_partitioned_targets  = 0
15:33:54.812 | V |     Compile |   num_secrets              = 0
15:33:54.812 | V |     Compile |   num_targets              = 4
15:33:54.812 | V |     Compile |   os_architecture          = X64
15:33:54.812 | V |     Compile |   os_platform              = Windows
15:33:54.812 | V |     Compile |   repo_branch              = main
15:33:54.812 | V |     Compile |   repo_commit              = d0c83e
15:33:54.812 | V |     Compile |   repo_provider            = <null>
15:33:54.812 | V |     Compile |   repo_url                 = d0168d
15:33:54.812 | V |     Compile |   target_current_partition = 1
15:33:54.812 | V |     Compile |   target_duration          = 9
15:33:54.812 | V |     Compile |   target_framework         = .NETCoreApp,Version=v6.0
15:33:54.812 | V |     Compile |   target_name              = Compile
15:33:54.812 | V |     Compile |   target_total_partitions  = 1
15:33:54.812 | V |     Compile |   version_dotnet_sdk       = 6.0.101
15:33:54.812 | V |     Compile |   version_nuke_common      = 6.0.1
15:33:54.812 | V |     Compile |   version_nuke_global_tool = <null>
15:33:54.949 | V |     Compile | EventInvoker.OnTargetSucceeded (-3.4028235E+38)
15:33:54.951 | V | CopyModules | EventInvoker.OnTargetRunning (-3.4028235E+38)
15:33:55.050 | V | CopyModules | Telemetry.OnTargetSucceeded (0)
15:33:55.050 | V | CopyModules | EventInvoker.OnTargetSucceeded (-3.4028235E+38)
